<?xml version="1.0" encoding="UTF-8" standalone="no"?>
<testsuite errors="0" failures="0" name="io.cucumber.core.plugin.JUnitFormatter" skipped="0" tests="1" time="15.922">
    <testcase classname="Search functionality for UI tests" name="User can make an advantage search for .gif format" time="15.479">
        <system-out>
            <![CDATA[Given User is on the homepage...............................................passed
When user clicks to expand the advanced search menu.........................passed
And user scrolls down and clicks to the file type menu......................passed
And from the dropdown menu, user clicks the .gif option.....................passed
And user scrolls up and clicks search button................................passed
And user clicks for the first result........................................passed
Then user sees the image as .gif format.....................................passed
]]>
        </system-out>
    </testcase>
</testsuite>
